<?xml version="1.0" encoding="utf-8"?><testsuites name="pytest tests"><testsuite name="pytest" errors="0" failures="0" skipped="0" tests="21" time="3.631" timestamp="2026-06-13T14:49:38.117610+00:00" hostname="agent-env-1c1325da-2b66-43b8-b547-13a87379efcf"><testcase classname="backend.tests.backend_test.TestBasic" name="test_health" time="0.276" /><testcase classname="backend.tests.backend_test.TestBasic" name="test_sources" time="0.043" /><testcase classname="backend.tests.backend_test.TestAuth" name="test_login_success" time="0.328" /><testcase classname="backend.tests.backend_test.TestAuth" name="test_login_invalid" time="0.272" /><testcase classname="backend.tests.backend_test.TestAuth" name="test_me_unauthenticated" time="0.111" /><testcase classname="backend.tests.backend_test.TestAuth" name="test_me_authenticated" time="0.464" /><testcase classname="backend.tests.backend_test.TestAuth" name="test_leads_unauthenticated" time="0.098" /><testcase classname="backend.tests.backend_test.TestPublicLeads" name="test_create_public_lead" time="0.048" /><testcase classname="backend.tests.backend_test.TestLeadCrud" name="test_list_leads" time="0.092" /><testcase classname="backend.tests.backend_test.TestLeadCrud" name="test_list_with_filters" time="0.093" /><testcase classname="backend.tests.backend_test.TestLeadCrud" name="test_search_query" time="0.105" /><testcase classname="backend.tests.backend_test.TestLeadCrud" name="test_get_lead" time="0.099" /><testcase classname="backend.tests.backend_test.TestLeadCrud" name="test_update_status" time="0.156" /><testcase classname="backend.tests.backend_test.TestLeadCrud" name="test_set_followup" time="0.127" /><testcase classname="backend.tests.backend_test.TestLeadCrud" name="test_clear_followup" time="0.156" /><testcase classname="backend.tests.backend_test.TestLeadCrud" name="test_stats" time="0.053" /><testcase classname="backend.tests.backend_test.TestLeadCrud" name="test_get_404" time="0.046" /><testcase classname="backend.tests.backend_test.TestNotes" name="test_add_note" time="0.144" /><testcase classname="backend.tests.backend_test.TestNotes" name="test_delete_note" time="0.195" /><testcase classname="backend.tests.backend_test.TestDeleteLead" name="test_delete_lead" time="0.139" /><testcase classname="backend.tests.backend_test.TestLogout" name="test_logout" time="0.383" /></testsuite></testsuites>